<?xml version="1.0" encoding="UTF-8"?>
<!-- Generated by org.testng.reporters.JUnitXMLReporter -->
<testsuite ignored="0" hostname="Kens-Air" failures="0" tests="2" name="InceptionTest" time="0.069" errors="0" timestamp="2020-04-26T14:09:43 PDT">
  <testcase classname="Academy.Inception" name="basePageNav" time="0.0">
    <skipped/>
  </testcase> <!-- basePageNav -->
  <testcase classname="Academy.Inception" name="basePageNav" time="0.0">
    <skipped/>
  </testcase> <!-- basePageNav -->
</testsuite> <!-- InceptionTest -->
