<?xml version="1.0" encoding="UTF-8"?>
<!-- Generated by org.testng.reporters.JUnitXMLReporter -->
<testsuite ignored="0" hostname="Kens-Air" failures="0" tests="1" name="ValidateTest" time="0.004" errors="0" timestamp="2020-04-26T14:09:43 PDT">
  <testcase classname="Academy.Validate" name="@BeforeTest North" time="0.0">
    <failure type="java.io.FileNotFoundException" message="/Users/Hamro/IdeaProjects/BigOne/src/main/java/Resources/data.properties (No such file or directory)">
      <![CDATA[java.io.FileNotFoundException: /Users/Hamro/IdeaProjects/BigOne/src/main/java/Resources/data.properties (No such file or directory)
at java.base/java.io.FileInputStream.open0(Native Method)
at java.base/java.io.FileInputStream.open(FileInputStream.java:212)
at java.base/java.io.FileInputStream.<init>(FileInputStream.java:154)
at java.base/java.io.FileInputStream.<init>(FileInputStream.java:109)
at Resources.Base.initializeDriver(Base.java:24)
at Academy.Validate.North(Validate.java:22)
... Removed 28 stack frames]]>
    </failure>
  </testcase> <!-- @BeforeTest North -->
  <testcase classname="Academy.Validate" name="@AfterTest South" time="-1.587935383077E9">
    <skipped/>
  </testcase> <!-- @AfterTest South -->
  <testcase classname="Academy.Validate" name="basePageNav" time="0.0">
    <skipped/>
  </testcase> <!-- basePageNav -->
</testsuite> <!-- ValidateTest -->
